<?xml version="1.0" encoding="UTF-8"?>
<testsuites name="jest tests" tests="4" failures="0" time="2.196">
  <testsuite name="Contacts APP" errors="0" failures="0" skipped="0" timestamp="2020-05-16T12:12:03" time="1.307" tests="4">
    <testcase classname="Contacts APP Should render Contact component" name="Contacts APP Should render Contact component" time="0.038">
    </testcase>
    <testcase classname="Contacts APP Should render Contacts component" name="Contacts APP Should render Contacts component" time="0.01">
    </testcase>
    <testcase classname="Contacts APP Should render Filters component" name="Contacts APP Should render Filters component" time="0.011">
    </testcase>
    <testcase classname="Contacts APP Should render Topbar component" name="Contacts APP Should render Topbar component" time="0.005">
    </testcase>
  </testsuite>
</testsuites>